2021-10-05 20:03:53 0 [Note] InnoDB: Mutexes and rw_locks use Windows interlocked functions
2021-10-05 20:03:53 0 [Note] InnoDB: Uses event mutexes
2021-10-05 20:03:53 0 [Note] InnoDB: Compressed tables use zlib 1.2.11
2021-10-05 20:03:53 0 [Note] InnoDB: Number of pools: 1
2021-10-05 20:03:53 0 [Note] InnoDB: Using generic crc32 instructions
2021-10-05 20:03:53 0 [Note] InnoDB: Initializing buffer pool, total size = 16M, instances = 1, chunk size = 16M
2021-10-05 20:03:53 0 [Note] InnoDB: Completed initialization of buffer pool
2021-10-05 20:03:53 0 [Note] InnoDB: Starting crash recovery from checkpoint LSN=300288
2021-10-05 20:03:54 0 [Note] InnoDB: 128 out of 128 rollback segments are active.
2021-10-05 20:03:54 0 [Note] InnoDB: Removed temporary tablespace data file: "ibtmp1"
2021-10-05 20:03:54 0 [Note] InnoDB: Creating shared tablespace for temporary tables
2021-10-05 20:03:54 0 [Note] InnoDB: Setting file 'C:\xampp\mysql\data\ibtmp1' size to 12 MB. Physically writing the file full; Please wait ...
2021-10-05 20:03:54 0 [Note] InnoDB: File 'C:\xampp\mysql\data\ibtmp1' size is now 12 MB.
2021-10-05 20:03:54 0 [Note] InnoDB: Waiting for purge to start
2021-10-05 20:03:54 0 [Note] InnoDB: 10.4.21 started; log sequence number 300297; transaction id 170
2021-10-05 20:03:54 0 [Note] InnoDB: Loading buffer pool(s) from C:\xampp\mysql\data\ib_buffer_pool
2021-10-05 20:03:54 0 [Note] Plugin 'FEEDBACK' is disabled.
2021-10-05 20:03:54 0 [Note] InnoDB: Buffer pool(s) load completed at 211005 20:03:54
2021-10-05 20:03:54 0 [Note] Server socket created on IP: '::'.
2021-10-05 20:25:09 0 [Note] InnoDB: Mutexes and rw_locks use Windows interlocked functions
2021-10-05 20:25:09 0 [Note] InnoDB: Uses event mutexes
2021-10-05 20:25:09 0 [Note] InnoDB: Compressed tables use zlib 1.2.11
2021-10-05 20:25:09 0 [Note] InnoDB: Number of pools: 1
2021-10-05 20:25:09 0 [Note] InnoDB: Using generic crc32 instructions
2021-10-05 20:25:09 0 [Note] InnoDB: Initializing buffer pool, total size = 16M, instances = 1, chunk size = 16M
2021-10-05 20:25:09 0 [Note] InnoDB: Completed initialization of buffer pool
2021-10-05 20:25:09 0 [Note] InnoDB: Starting crash recovery from checkpoint LSN=2445131
2021-10-05 20:25:10 0 [Note] InnoDB: 128 out of 128 rollback segments are active.
2021-10-05 20:25:10 0 [Note] InnoDB: Removed temporary tablespace data file: "ibtmp1"
2021-10-05 20:25:10 0 [Note] InnoDB: Creating shared tablespace for temporary tables
2021-10-05 20:25:10 0 [Note] InnoDB: Setting file 'C:\xampp\mysql\data\ibtmp1' size to 12 MB. Physically writing the file full; Please wait ...
2021-10-05 20:25:10 0 [Note] InnoDB: File 'C:\xampp\mysql\data\ibtmp1' size is now 12 MB.
2021-10-05 20:25:10 0 [Note] InnoDB: Waiting for purge to start
2021-10-05 20:25:10 0 [Note] InnoDB: 10.4.21 started; log sequence number 2445140; transaction id 809
2021-10-05 20:25:10 0 [Note] InnoDB: Loading buffer pool(s) from C:\xampp\mysql\data\ib_buffer_pool
2021-10-05 20:25:10 0 [Note] Plugin 'FEEDBACK' is disabled.
2021-10-05 20:25:10 0 [Note] InnoDB: Buffer pool(s) load completed at 211005 20:25:10
2021-10-05 20:25:10 0 [Note] Server socket created on IP: '::'.
2021-10-06  7:30:19 0 [Note] InnoDB: Mutexes and rw_locks use Windows interlocked functions
2021-10-06  7:30:19 0 [Note] InnoDB: Uses event mutexes
2021-10-06  7:30:19 0 [Note] InnoDB: Compressed tables use zlib 1.2.11
2021-10-06  7:30:19 0 [Note] InnoDB: Number of pools: 1
2021-10-06  7:30:19 0 [Note] InnoDB: Using generic crc32 instructions
2021-10-06  7:30:19 0 [Note] InnoDB: Initializing buffer pool, total size = 16M, instances = 1, chunk size = 16M
2021-10-06  7:30:19 0 [Note] InnoDB: Completed initialization of buffer pool
2021-10-06  7:30:19 0 [Note] InnoDB: Starting crash recovery from checkpoint LSN=17588870
2021-10-06  7:30:19 0 [Note] InnoDB: 128 out of 128 rollback segments are active.
2021-10-06  7:30:19 0 [Note] InnoDB: Removed temporary tablespace data file: "ibtmp1"
2021-10-06  7:30:19 0 [Note] InnoDB: Creating shared tablespace for temporary tables
2021-10-06  7:30:19 0 [Note] InnoDB: Setting file 'C:\xampp\mysql\data\ibtmp1' size to 12 MB. Physically writing the file full; Please wait ...
2021-10-06  7:30:19 0 [Note] InnoDB: File 'C:\xampp\mysql\data\ibtmp1' size is now 12 MB.
2021-10-06  7:30:19 0 [Note] InnoDB: Waiting for purge to start
2021-10-06  7:30:19 0 [Note] InnoDB: 10.4.21 started; log sequence number 17588879; transaction id 11638
2021-10-06  7:30:19 0 [Note] InnoDB: Loading buffer pool(s) from C:\xampp\mysql\data\ib_buffer_pool
2021-10-06  7:30:19 0 [Note] Plugin 'FEEDBACK' is disabled.
2021-10-06  7:30:19 0 [Note] InnoDB: Buffer pool(s) load completed at 211006  7:30:19
2021-10-06  7:30:20 0 [Note] Server socket created on IP: '::'.
2021-10-06  9:04:48 0 [Note] InnoDB: Mutexes and rw_locks use Windows interlocked functions
2021-10-06  9:04:48 0 [Note] InnoDB: Uses event mutexes
2021-10-06  9:04:48 0 [Note] InnoDB: Compressed tables use zlib 1.2.11
2021-10-06  9:04:48 0 [Note] InnoDB: Number of pools: 1
2021-10-06  9:04:48 0 [Note] InnoDB: Using generic crc32 instructions
2021-10-06  9:04:48 0 [Note] InnoDB: Initializing buffer pool, total size = 16M, instances = 1, chunk size = 16M
2021-10-06  9:04:48 0 [Note] InnoDB: Completed initialization of buffer pool
2021-10-06  9:04:49 0 [Note] InnoDB: Starting crash recovery from checkpoint LSN=20391677
2021-10-06  9:04:50 0 [Note] InnoDB: 128 out of 128 rollback segments are active.
2021-10-06  9:04:50 0 [Note] InnoDB: Removed temporary tablespace data file: "ibtmp1"
2021-10-06  9:04:50 0 [Note] InnoDB: Creating shared tablespace for temporary tables
2021-10-06  9:04:50 0 [Note] InnoDB: Setting file 'C:\xampp\mysql\data\ibtmp1' size to 12 MB. Physically writing the file full; Please wait ...
2021-10-06  9:04:50 0 [Note] InnoDB: File 'C:\xampp\mysql\data\ibtmp1' size is now 12 MB.
2021-10-06  9:04:50 0 [Note] InnoDB: Waiting for purge to start
2021-10-06  9:04:50 0 [Note] InnoDB: 10.4.21 started; log sequence number 20391686; transaction id 14391
2021-10-06  9:04:50 0 [Note] InnoDB: Loading buffer pool(s) from C:\xampp\mysql\data\ib_buffer_pool
2021-10-06  9:04:50 0 [Note] InnoDB: Buffer pool(s) load completed at 211006  9:04:50
2021-10-06  9:04:50 0 [Note] Plugin 'FEEDBACK' is disabled.
2021-10-06  9:04:51 0 [Note] Server socket created on IP: '::'.
2021-10-06  9:04:52 0 [Note] Reading of all Master_info entries succeeded
2021-10-06  9:04:52 0 [Note] Added new Master_info '' to hash table
2021-10-06  9:04:52 0 [Note] c:\xampp\mysql\bin\mysqld.exe: ready for connections.
Version: '10.4.21-MariaDB'  socket: ''  port: 3306  mariadb.org binary distribution
Cannot find checkpoint record at LSN (1,0x56b6)
2021-10-06 16:54:54 0 [ERROR] mysqld.exe: Aria recovery failed. Please run aria_chk -r on all Aria tables and delete all aria_log.######## files
2021-10-06 16:54:54 0 [ERROR] Plugin 'Aria' init function returned error.
2021-10-06 16:54:54 0 [ERROR] Plugin 'Aria' registration as a STORAGE ENGINE failed.
2021-10-06 16:54:54 0 [Note] InnoDB: Mutexes and rw_locks use Windows interlocked functions
2021-10-06 16:54:54 0 [Note] InnoDB: Uses event mutexes
2021-10-06 16:54:54 0 [Note] InnoDB: Compressed tables use zlib 1.2.11
2021-10-06 16:54:54 0 [Note] InnoDB: Number of pools: 1
2021-10-06 16:54:54 0 [Note] InnoDB: Using generic crc32 instructions
2021-10-06 16:54:54 0 [Note] InnoDB: Initializing buffer pool, total size = 16M, instances = 1, chunk size = 16M
2021-10-06 16:54:54 0 [Note] InnoDB: Completed initialization of buffer pool
2021-10-06 16:54:54 0 [Note] InnoDB: Starting crash recovery from checkpoint LSN=27773861
2021-10-06 16:54:56 0 [Note] InnoDB: 128 out of 128 rollback segments are active.
2021-10-06 16:54:56 0 [Note] InnoDB: Removed temporary tablespace data file: "ibtmp1"
2021-10-06 16:54:56 0 [Note] InnoDB: Creating shared tablespace for temporary tables
2021-10-06 16:54:56 0 [Note] InnoDB: Setting file 'C:\xampp\mysql\data\ibtmp1' size to 12 MB. Physically writing the file full; Please wait ...
2021-10-06 16:54:56 0 [Note] InnoDB: File 'C:\xampp\mysql\data\ibtmp1' size is now 12 MB.
2021-10-06 16:54:56 0 [Note] InnoDB: Waiting for purge to start
2021-10-06 16:54:56 0 [Note] InnoDB: Waiting for purge to start
2021-10-06 16:54:56 0 [Note] InnoDB: 10.4.21 started; log sequence number 27773870; transaction id 24197
2021-10-06 16:54:56 0 [Note] InnoDB: Loading buffer pool(s) from C:\xampp\mysql\data\ib_buffer_pool
2021-10-06 16:54:56 0 [Note] InnoDB: Buffer pool(s) load completed at 211006 16:54:56
2021-10-06 16:54:56 0 [Note] Plugin 'FEEDBACK' is disabled.
2021-10-06 16:54:56 0 [ERROR] Could not open mysql.plugin table. Some plugins may be not loaded
2021-10-06 16:54:56 0 [ERROR] Failed to initialize plugins.
2021-10-06 16:54:56 0 [ERROR] Aborting
Cannot find checkpoint record at LSN (1,0x56b6)
2021-10-07 20:08:59 0 [ERROR] mysqld.exe: Aria recovery failed. Please run aria_chk -r on all Aria tables and delete all aria_log.######## files
2021-10-07 20:08:59 0 [ERROR] Plugin 'Aria' init function returned error.
2021-10-07 20:08:59 0 [ERROR] Plugin 'Aria' registration as a STORAGE ENGINE failed.
2021-10-07 20:08:59 0 [Note] InnoDB: Mutexes and rw_locks use Windows interlocked functions
2021-10-07 20:08:59 0 [Note] InnoDB: Uses event mutexes
2021-10-07 20:08:59 0 [Note] InnoDB: Compressed tables use zlib 1.2.11
2021-10-07 20:08:59 0 [Note] InnoDB: Number of pools: 1
2021-10-07 20:08:59 0 [Note] InnoDB: Using generic crc32 instructions
2021-10-07 20:08:59 0 [Note] InnoDB: Initializing buffer pool, total size = 16M, instances = 1, chunk size = 16M
2021-10-07 20:08:59 0 [Note] InnoDB: Completed initialization of buffer pool
2021-10-07 20:09:00 0 [Note] InnoDB: 128 out of 128 rollback segments are active.
2021-10-07 20:09:00 0 [Note] InnoDB: Creating shared tablespace for temporary tables
2021-10-07 20:09:00 0 [Note] InnoDB: Setting file 'C:\xampp\mysql\data\ibtmp1' size to 12 MB. Physically writing the file full; Please wait ...
2021-10-07 20:09:00 0 [Note] InnoDB: File 'C:\xampp\mysql\data\ibtmp1' size is now 12 MB.
2021-10-07 20:09:00 0 [Note] InnoDB: Waiting for purge to start
2021-10-07 20:09:00 0 [Note] InnoDB: Waiting for purge to start
2021-10-07 20:09:00 0 [Note] InnoDB: Waiting for purge to start
2021-10-07 20:09:00 0 [Note] InnoDB: 10.4.21 started; log sequence number 27773879; transaction id 24197
2021-10-07 20:09:00 0 [Note] InnoDB: Loading buffer pool(s) from C:\xampp\mysql\data\ib_buffer_pool
2021-10-07 20:09:01 0 [Note] Plugin 'FEEDBACK' is disabled.
2021-10-07 20:09:01 0 [ERROR] Could not open mysql.plugin table. Some plugins may be not loaded
2021-10-07 20:09:01 0 [ERROR] Failed to initialize plugins.
2021-10-07 20:09:01 0 [ERROR] Aborting
Cannot find checkpoint record at LSN (1,0x56b6)
2021-10-07 20:09:13 0 [ERROR] mysqld.exe: Aria recovery failed. Please run aria_chk -r on all Aria tables and delete all aria_log.######## files
2021-10-07 20:09:13 0 [ERROR] Plugin 'Aria' init function returned error.
2021-10-07 20:09:13 0 [ERROR] Plugin 'Aria' registration as a STORAGE ENGINE failed.
2021-10-07 20:09:13 0 [Note] InnoDB: Mutexes and rw_locks use Windows interlocked functions
2021-10-07 20:09:13 0 [Note] InnoDB: Uses event mutexes
2021-10-07 20:09:13 0 [Note] InnoDB: Compressed tables use zlib 1.2.11
2021-10-07 20:09:13 0 [Note] InnoDB: Number of pools: 1
2021-10-07 20:09:13 0 [Note] InnoDB: Using generic crc32 instructions
2021-10-07 20:09:13 0 [Note] InnoDB: Initializing buffer pool, total size = 16M, instances = 1, chunk size = 16M
2021-10-07 20:09:13 0 [Note] InnoDB: Completed initialization of buffer pool
2021-10-07 20:09:13 0 [Note] InnoDB: 128 out of 128 rollback segments are active.
2021-10-07 20:09:13 0 [Note] InnoDB: Creating shared tablespace for temporary tables
2021-10-07 20:09:13 0 [Note] InnoDB: Setting file 'C:\xampp\mysql\data\ibtmp1' size to 12 MB. Physically writing the file full; Please wait ...
2021-10-07 20:09:13 0 [Note] InnoDB: File 'C:\xampp\mysql\data\ibtmp1' size is now 12 MB.
2021-10-07 20:09:13 0 [Note] InnoDB: Waiting for purge to start
2021-10-07 20:09:14 0 [Note] InnoDB: 10.4.21 started; log sequence number 27773888; transaction id 24197
2021-10-07 20:09:14 0 [Note] InnoDB: Loading buffer pool(s) from C:\xampp\mysql\data\ib_buffer_pool
2021-10-07 20:09:14 0 [Note] Plugin 'FEEDBACK' is disabled.
2021-10-07 20:09:14 0 [ERROR] Could not open mysql.plugin table. Some plugins may be not loaded
2021-10-07 20:09:14 0 [ERROR] Failed to initialize plugins.
2021-10-07 20:09:14 0 [ERROR] Aborting
Cannot find checkpoint record at LSN (1,0x56b6)
2021-10-07 20:09:19 0 [ERROR] mysqld.exe: Aria recovery failed. Please run aria_chk -r on all Aria tables and delete all aria_log.######## files
2021-10-07 20:09:19 0 [ERROR] Plugin 'Aria' init function returned error.
2021-10-07 20:09:19 0 [ERROR] Plugin 'Aria' registration as a STORAGE ENGINE failed.
2021-10-07 20:09:19 0 [Note] InnoDB: Mutexes and rw_locks use Windows interlocked functions
2021-10-07 20:09:19 0 [Note] InnoDB: Uses event mutexes
2021-10-07 20:09:19 0 [Note] InnoDB: Compressed tables use zlib 1.2.11
2021-10-07 20:09:19 0 [Note] InnoDB: Number of pools: 1
2021-10-07 20:09:19 0 [Note] InnoDB: Using generic crc32 instructions
2021-10-07 20:09:19 0 [Note] InnoDB: Initializing buffer pool, total size = 16M, instances = 1, chunk size = 16M
2021-10-07 20:09:19 0 [Note] InnoDB: Completed initialization of buffer pool
2021-10-07 20:09:19 0 [Note] InnoDB: 128 out of 128 rollback segments are active.
2021-10-07 20:09:19 0 [Note] InnoDB: Creating shared tablespace for temporary tables
2021-10-07 20:09:19 0 [Note] InnoDB: Setting file 'C:\xampp\mysql\data\ibtmp1' size to 12 MB. Physically writing the file full; Please wait ...
2021-10-07 20:09:19 0 [Note] InnoDB: File 'C:\xampp\mysql\data\ibtmp1' size is now 12 MB.
2021-10-07 20:09:19 0 [Note] InnoDB: Waiting for purge to start
2021-10-07 20:09:19 0 [Note] InnoDB: 10.4.21 started; log sequence number 27773897; transaction id 24197
2021-10-07 20:09:19 0 [Note] InnoDB: Loading buffer pool(s) from C:\xampp\mysql\data\ib_buffer_pool
2021-10-07 20:09:19 0 [Note] Plugin 'FEEDBACK' is disabled.
2021-10-07 20:09:19 0 [ERROR] Could not open mysql.plugin table. Some plugins may be not loaded
2021-10-07 20:09:19 0 [ERROR] Failed to initialize plugins.
2021-10-07 20:09:19 0 [ERROR] Aborting
Cannot find checkpoint record at LSN (1,0x56b6)
2021-10-07 20:09:33 0 [ERROR] mysqld.exe: Aria recovery failed. Please run aria_chk -r on all Aria tables and delete all aria_log.######## files
2021-10-07 20:09:33 0 [ERROR] Plugin 'Aria' init function returned error.
2021-10-07 20:09:33 0 [ERROR] Plugin 'Aria' registration as a STORAGE ENGINE failed.
2021-10-07 20:09:33 0 [Note] InnoDB: Mutexes and rw_locks use Windows interlocked functions
2021-10-07 20:09:33 0 [Note] InnoDB: Uses event mutexes
2021-10-07 20:09:33 0 [Note] InnoDB: Compressed tables use zlib 1.2.11
2021-10-07 20:09:33 0 [Note] InnoDB: Number of pools: 1
2021-10-07 20:09:33 0 [Note] InnoDB: Using generic crc32 instructions
2021-10-07 20:09:33 0 [Note] InnoDB: Initializing buffer pool, total size = 16M, instances = 1, chunk size = 16M
2021-10-07 20:09:33 0 [Note] InnoDB: Completed initialization of buffer pool
2021-10-07 20:09:33 0 [Note] InnoDB: 128 out of 128 rollback segments are active.
2021-10-07 20:09:33 0 [Note] InnoDB: Creating shared tablespace for temporary tables
2021-10-07 20:09:33 0 [Note] InnoDB: Setting file 'C:\xampp\mysql\data\ibtmp1' size to 12 MB. Physically writing the file full; Please wait ...
2021-10-07 20:09:33 0 [Note] InnoDB: File 'C:\xampp\mysql\data\ibtmp1' size is now 12 MB.
2021-10-07 20:09:33 0 [Note] InnoDB: Waiting for purge to start
2021-10-07 20:09:33 0 [Note] InnoDB: 10.4.21 started; log sequence number 27773906; transaction id 24197
2021-10-07 20:09:33 0 [Note] InnoDB: Loading buffer pool(s) from C:\xampp\mysql\data\ib_buffer_pool
2021-10-07 20:09:33 0 [Note] Plugin 'FEEDBACK' is disabled.
2021-10-07 20:09:33 0 [ERROR] Could not open mysql.plugin table. Some plugins may be not loaded
2021-10-07 20:09:33 0 [ERROR] Failed to initialize plugins.
2021-10-07 20:09:33 0 [ERROR] Aborting
Cannot find checkpoint record at LSN (1,0x56b6)
2021-10-07 20:09:54 0 [ERROR] mysqld.exe: Aria recovery failed. Please run aria_chk -r on all Aria tables and delete all aria_log.######## files
2021-10-07 20:09:54 0 [ERROR] Plugin 'Aria' init function returned error.
2021-10-07 20:09:54 0 [ERROR] Plugin 'Aria' registration as a STORAGE ENGINE failed.
2021-10-07 20:09:54 0 [Note] InnoDB: Mutexes and rw_locks use Windows interlocked functions
2021-10-07 20:09:54 0 [Note] InnoDB: Uses event mutexes
2021-10-07 20:09:54 0 [Note] InnoDB: Compressed tables use zlib 1.2.11
2021-10-07 20:09:54 0 [Note] InnoDB: Number of pools: 1
2021-10-07 20:09:54 0 [Note] InnoDB: Using generic crc32 instructions
2021-10-07 20:09:54 0 [Note] InnoDB: Initializing buffer pool, total size = 16M, instances = 1, chunk size = 16M
2021-10-07 20:09:54 0 [Note] InnoDB: Completed initialization of buffer pool
2021-10-07 20:09:54 0 [Note] InnoDB: 128 out of 128 rollback segments are active.
2021-10-07 20:09:54 0 [Note] InnoDB: Creating shared tablespace for temporary tables
2021-10-07 20:09:54 0 [Note] InnoDB: Setting file 'C:\xampp\mysql\data\ibtmp1' size to 12 MB. Physically writing the file full; Please wait ...
2021-10-07 20:09:54 0 [Note] InnoDB: File 'C:\xampp\mysql\data\ibtmp1' size is now 12 MB.
2021-10-07 20:09:54 0 [Note] InnoDB: Waiting for purge to start
2021-10-07 20:09:54 0 [Note] InnoDB: 10.4.21 started; log sequence number 27773915; transaction id 24197
2021-10-07 20:09:54 0 [Note] InnoDB: Loading buffer pool(s) from C:\xampp\mysql\data\ib_buffer_pool
2021-10-07 20:09:54 0 [Note] Plugin 'FEEDBACK' is disabled.
2021-10-07 20:09:54 0 [ERROR] Could not open mysql.plugin table. Some plugins may be not loaded
2021-10-07 20:09:54 0 [ERROR] Failed to initialize plugins.
2021-10-07 20:09:54 0 [ERROR] Aborting
Cannot find checkpoint record at LSN (1,0x56b6)
2021-10-07 20:10:06 0 [ERROR] mysqld.exe: Aria recovery failed. Please run aria_chk -r on all Aria tables and delete all aria_log.######## files
2021-10-07 20:10:06 0 [ERROR] Plugin 'Aria' init function returned error.
2021-10-07 20:10:06 0 [ERROR] Plugin 'Aria' registration as a STORAGE ENGINE failed.
2021-10-07 20:10:06 0 [Note] InnoDB: Mutexes and rw_locks use Windows interlocked functions
2021-10-07 20:10:06 0 [Note] InnoDB: Uses event mutexes
2021-10-07 20:10:06 0 [Note] InnoDB: Compressed tables use zlib 1.2.11
2021-10-07 20:10:06 0 [Note] InnoDB: Number of pools: 1
2021-10-07 20:10:06 0 [Note] InnoDB: Using generic crc32 instructions
2021-10-07 20:10:06 0 [Note] InnoDB: Initializing buffer pool, total size = 16M, instances = 1, chunk size = 16M
2021-10-07 20:10:06 0 [Note] InnoDB: Completed initialization of buffer pool
2021-10-07 20:10:06 0 [Note] InnoDB: 128 out of 128 rollback segments are active.
2021-10-07 20:10:06 0 [Note] InnoDB: Creating shared tablespace for temporary tables
2021-10-07 20:10:06 0 [Note] InnoDB: Setting file 'C:\xampp\mysql\data\ibtmp1' size to 12 MB. Physically writing the file full; Please wait ...
2021-10-07 20:10:06 0 [Note] InnoDB: File 'C:\xampp\mysql\data\ibtmp1' size is now 12 MB.
2021-10-07 20:10:06 0 [Note] InnoDB: Waiting for purge to start
2021-10-07 20:10:06 0 [Note] InnoDB: 10.4.21 started; log sequence number 27773924; transaction id 24197
2021-10-07 20:10:06 0 [Note] InnoDB: Loading buffer pool(s) from C:\xampp\mysql\data\ib_buffer_pool
2021-10-07 20:10:06 0 [Note] Plugin 'FEEDBACK' is disabled.
2021-10-07 20:10:06 0 [ERROR] Could not open mysql.plugin table. Some plugins may be not loaded
2021-10-07 20:10:06 0 [ERROR] Failed to initialize plugins.
2021-10-07 20:10:06 0 [ERROR] Aborting
Cannot find checkpoint record at LSN (1,0x56b6)
2021-10-07 20:10:24 0 [ERROR] mysqld.exe: Aria recovery failed. Please run aria_chk -r on all Aria tables and delete all aria_log.######## files
2021-10-07 20:10:24 0 [ERROR] Plugin 'Aria' init function returned error.
2021-10-07 20:10:24 0 [ERROR] Plugin 'Aria' registration as a STORAGE ENGINE failed.
2021-10-07 20:10:24 0 [Note] InnoDB: Mutexes and rw_locks use Windows interlocked functions
2021-10-07 20:10:24 0 [Note] InnoDB: Uses event mutexes
2021-10-07 20:10:24 0 [Note] InnoDB: Compressed tables use zlib 1.2.11
2021-10-07 20:10:24 0 [Note] InnoDB: Number of pools: 1
2021-10-07 20:10:24 0 [Note] InnoDB: Using generic crc32 instructions
2021-10-07 20:10:24 0 [Note] InnoDB: Initializing buffer pool, total size = 16M, instances = 1, chunk size = 16M
2021-10-07 20:10:24 0 [Note] InnoDB: Completed initialization of buffer pool
2021-10-07 20:10:24 0 [Note] InnoDB: 128 out of 128 rollback segments are active.
2021-10-07 20:10:24 0 [Note] InnoDB: Creating shared tablespace for temporary tables
2021-10-07 20:10:24 0 [Note] InnoDB: Setting file 'C:\xampp\mysql\data\ibtmp1' size to 12 MB. Physically writing the file full; Please wait ...
2021-10-07 20:10:24 0 [Note] InnoDB: File 'C:\xampp\mysql\data\ibtmp1' size is now 12 MB.
2021-10-07 20:10:24 0 [Note] InnoDB: Waiting for purge to start
2021-10-07 20:10:24 0 [Note] InnoDB: 10.4.21 started; log sequence number 27773933; transaction id 24197
2021-10-07 20:10:24 0 [Note] InnoDB: Loading buffer pool(s) from C:\xampp\mysql\data\ib_buffer_pool
2021-10-07 20:10:24 0 [Note] Plugin 'FEEDBACK' is disabled.
2021-10-07 20:10:24 0 [ERROR] Could not open mysql.plugin table. Some plugins may be not loaded
2021-10-07 20:10:24 0 [ERROR] Failed to initialize plugins.
2021-10-07 20:10:24 0 [ERROR] Aborting
Cannot find checkpoint record at LSN (1,0x56b6)
2021-10-07 20:10:41 0 [ERROR] mysqld.exe: Aria recovery failed. Please run aria_chk -r on all Aria tables and delete all aria_log.######## files
2021-10-07 20:10:41 0 [ERROR] Plugin 'Aria' init function returned error.
2021-10-07 20:10:41 0 [ERROR] Plugin 'Aria' registration as a STORAGE ENGINE failed.
2021-10-07 20:10:41 0 [Note] InnoDB: Mutexes and rw_locks use Windows interlocked functions
2021-10-07 20:10:41 0 [Note] InnoDB: Uses event mutexes
2021-10-07 20:10:41 0 [Note] InnoDB: Compressed tables use zlib 1.2.11
2021-10-07 20:10:41 0 [Note] InnoDB: Number of pools: 1
2021-10-07 20:10:41 0 [Note] InnoDB: Using generic crc32 instructions
2021-10-07 20:10:41 0 [Note] InnoDB: Initializing buffer pool, total size = 16M, instances = 1, chunk size = 16M
2021-10-07 20:10:41 0 [Note] InnoDB: Completed initialization of buffer pool
2021-10-07 20:10:42 0 [Note] InnoDB: 128 out of 128 rollback segments are active.
2021-10-07 20:10:42 0 [Note] InnoDB: Creating shared tablespace for temporary tables
2021-10-07 20:10:42 0 [Note] InnoDB: Setting file 'C:\xampp\mysql\data\ibtmp1' size to 12 MB. Physically writing the file full; Please wait ...
2021-10-07 20:10:42 0 [Note] InnoDB: File 'C:\xampp\mysql\data\ibtmp1' size is now 12 MB.
2021-10-07 20:10:42 0 [Note] InnoDB: Waiting for purge to start
2021-10-07 20:10:42 0 [Note] InnoDB: 10.4.21 started; log sequence number 27773942; transaction id 24197
2021-10-07 20:10:42 0 [Note] InnoDB: Loading buffer pool(s) from C:\xampp\mysql\data\ib_buffer_pool
2021-10-07 20:10:42 0 [Note] Plugin 'FEEDBACK' is disabled.
2021-10-07 20:10:42 0 [ERROR] Could not open mysql.plugin table. Some plugins may be not loaded
2021-10-07 20:10:42 0 [ERROR] Failed to initialize plugins.
2021-10-07 20:10:42 0 [ERROR] Aborting
Cannot find checkpoint record at LSN (1,0x56b6)
2021-10-07 20:11:01 0 [ERROR] mysqld.exe: Aria recovery failed. Please run aria_chk -r on all Aria tables and delete all aria_log.######## files
2021-10-07 20:11:01 0 [ERROR] Plugin 'Aria' init function returned error.
2021-10-07 20:11:01 0 [ERROR] Plugin 'Aria' registration as a STORAGE ENGINE failed.
2021-10-07 20:11:01 0 [Note] InnoDB: Mutexes and rw_locks use Windows interlocked functions
2021-10-07 20:11:01 0 [Note] InnoDB: Uses event mutexes
2021-10-07 20:11:01 0 [Note] InnoDB: Compressed tables use zlib 1.2.11
2021-10-07 20:11:01 0 [Note] InnoDB: Number of pools: 1
2021-10-07 20:11:01 0 [Note] InnoDB: Using generic crc32 instructions
2021-10-07 20:11:01 0 [Note] InnoDB: Initializing buffer pool, total size = 16M, instances = 1, chunk size = 16M
2021-10-07 20:11:01 0 [Note] InnoDB: Completed initialization of buffer pool
2021-10-07 20:11:01 0 [Note] InnoDB: 128 out of 128 rollback segments are active.
2021-10-07 20:11:01 0 [Note] InnoDB: Creating shared tablespace for temporary tables
2021-10-07 20:11:01 0 [Note] InnoDB: Setting file 'C:\xampp\mysql\data\ibtmp1' size to 12 MB. Physically writing the file full; Please wait ...
2021-10-07 20:11:01 0 [Note] InnoDB: File 'C:\xampp\mysql\data\ibtmp1' size is now 12 MB.
2021-10-07 20:11:01 0 [Note] InnoDB: Waiting for purge to start
2021-10-07 20:11:01 0 [Note] InnoDB: 10.4.21 started; log sequence number 27773967; transaction id 24197
2021-10-07 20:11:01 0 [Note] InnoDB: Loading buffer pool(s) from C:\xampp\mysql\data\ib_buffer_pool
2021-10-07 20:11:01 0 [Note] Plugin 'FEEDBACK' is disabled.
2021-10-07 20:11:01 0 [ERROR] Could not open mysql.plugin table. Some plugins may be not loaded
2021-10-07 20:11:01 0 [ERROR] Failed to initialize plugins.
2021-10-07 20:11:01 0 [ERROR] Aborting
